
> pocket-bass-clone@1.0.0 build
> next build

   ▲ Next.js 15.5.11
   - Experiments (use with caution):
     ⨯ reactCompiler

   Creating an optimized production build ...
 ⚠ Mismatching @next/swc version, detected: 15.5.7 while Next.js is on 15.5.11. Please ensure these match
 ⚠ Mismatching @next/swc version, detected: 15.5.7 while Next.js is on 15.5.11. Please ensure these match
 ⚠ Mismatching @next/swc version, detected: 15.5.7 while Next.js is on 15.5.11. Please ensure these match
 ✓ Compiled successfully in 32.0s
   Linting and checking validity of types ...

./src/app/(frontend)/page.tsx
48:19  Warning: Unexpected any. Specify a different type.  @typescript-eslint/no-explicit-any

./src/app/(frontend)/waitlist/success/page.tsx
9:44  Warning: Unexpected any. Specify a different type.  @typescript-eslint/no-explicit-any

./src/app/(payload)/admin/[[...segments]]/page.tsx
9:41  Warning: Unexpected any. Specify a different type.  @typescript-eslint/no-explicit-any

./src/app/(payload)/api/billing/checkout/route.ts
108:19  Warning: Unexpected any. Specify a different type.  @typescript-eslint/no-explicit-any

./src/app/(payload)/api/billing/lifetime-pricing/route.ts
9:27  Warning: 'request' is defined but never used.  @typescript-eslint/no-unused-vars
25:19  Warning: Unexpected any. Specify a different type.  @typescript-eslint/no-explicit-any

./src/app/(payload)/api/billing/portal/route.ts
75:19  Warning: Unexpected any. Specify a different type.  @typescript-eslint/no-explicit-any

./src/app/(payload)/api/billing/webhook/route.ts
45:17  Warning: Unexpected any. Specify a different type.  @typescript-eslint/no-explicit-any
199:19  Warning: Unexpected any. Specify a different type.  @typescript-eslint/no-explicit-any

./src/app/(payload)/api/health/route.ts
49:19  Warning: Unexpected any. Specify a different type.  @typescript-eslint/no-explicit-any

./src/app/(payload)/api/tenants/provision/route.ts
195:19  Warning: Unexpected any. Specify a different type.  @typescript-eslint/no-explicit-any

./src/app/(payload)/api/waitlist/join/route.ts
78:19  Warning: Unexpected any. Specify a different type.  @typescript-eslint/no-explicit-any

./src/app/(payload)/api/waitlist/position/route.ts
77:19  Warning: Unexpected any. Specify a different type.  @typescript-eslint/no-explicit-any

./src/app/(payload)/api/waitlist/stats/route.ts
10:27  Warning: 'request' is defined but never used.  @typescript-eslint/no-unused-vars
22:19  Warning: Unexpected any. Specify a different type.  @typescript-eslint/no-explicit-any

./src/collections/Media.ts
35:14  Warning: Unexpected any. Specify a different type.  @typescript-eslint/no-explicit-any
45:12  Warning: Unexpected any. Specify a different type.  @typescript-eslint/no-explicit-any
57:14  Warning: Unexpected any. Specify a different type.  @typescript-eslint/no-explicit-any
67:12  Warning: Unexpected any. Specify a different type.  @typescript-eslint/no-explicit-any
127:32  Warning: Unexpected any. Specify a different type.  @typescript-eslint/no-explicit-any
139:39  Warning: Unexpected any. Specify a different type.  @typescript-eslint/no-explicit-any
140:35  Warning: Unexpected any. Specify a different type.  @typescript-eslint/no-explicit-any

./src/collections/Posts.ts
34:14  Warning: Unexpected any. Specify a different type.  @typescript-eslint/no-explicit-any
61:12  Warning: Unexpected any. Specify a different type.  @typescript-eslint/no-explicit-any
90:12  Warning: Unexpected any. Specify a different type.  @typescript-eslint/no-explicit-any
118:12  Warning: Unexpected any. Specify a different type.  @typescript-eslint/no-explicit-any
168:32  Warning: Unexpected any. Specify a different type.  @typescript-eslint/no-explicit-any
225:39  Warning: Unexpected any. Specify a different type.  @typescript-eslint/no-explicit-any
226:35  Warning: Unexpected any. Specify a different type.  @typescript-eslint/no-explicit-any

./src/collections/Tenants.ts
402:32  Warning: 'req' is defined but never used.  @typescript-eslint/no-unused-vars

./src/collections/Users.ts
8:33  Warning: Unexpected any. Specify a different type.  @typescript-eslint/no-explicit-any
14:33  Warning: Unexpected any. Specify a different type.  @typescript-eslint/no-explicit-any
59:14  Warning: Unexpected any. Specify a different type.  @typescript-eslint/no-explicit-any
66:12  Warning: Unexpected any. Specify a different type.  @typescript-eslint/no-explicit-any
87:14  Warning: Unexpected any. Specify a different type.  @typescript-eslint/no-explicit-any
150:63  Warning: Unexpected any. Specify a different type.  @typescript-eslint/no-explicit-any
151:33  Warning: Unexpected any. Specify a different type.  @typescript-eslint/no-explicit-any

./src/middleware/tenantContext.ts
6:7  Warning: 'tenantCache' is assigned a value but never used.  @typescript-eslint/no-unused-vars
6:47  Warning: Unexpected any. Specify a different type.  @typescript-eslint/no-explicit-any
7:7  Warning: 'CACHE_TTL' is assigned a value but never used.  @typescript-eslint/no-unused-vars
10:7  Warning: 'rateLimitStore' is assigned a value but never used.  @typescript-eslint/no-unused-vars
12:44  Warning: 'req' is defined but never used.  @typescript-eslint/no-unused-vars
20:18  Warning: Unexpected any. Specify a different type.  @typescript-eslint/no-explicit-any
145:38  Warning: 'tenant' is defined but never used.  @typescript-eslint/no-unused-vars
145:46  Warning: Unexpected any. Specify a different type.  @typescript-eslint/no-explicit-any
180:16  Warning: 'updateTenantUsage' is defined but never used.  @typescript-eslint/no-unused-vars
180:34  Warning: 'tenantId' is defined but never used.  @typescript-eslint/no-unused-vars
180:52  Warning: 'count' is defined but never used.  @typescript-eslint/no-unused-vars
180:67  Warning: 'timestamp' is defined but never used.  @typescript-eslint/no-unused-vars

./src/utils/security.ts
123:29  Warning: Unexpected any. Specify a different type.  @typescript-eslint/no-explicit-any

./src/utils/stripe.ts
96:45  Warning: 'billingCycle' is defined but never used.  @typescript-eslint/no-unused-vars

info  - Need to disable some ESLint rules? Learn more here: https://nextjs.org/docs/app/api-reference/config/eslint#disabling-rules
Failed to compile.

./src/utils/stripe.ts:9:7
Type error: Type '"2024-12-18.acacia"' is not assignable to type '"2025-02-24.acacia"'.

[0m [90m  7 |[39m [36mexport[39m [36mconst[39m stripe [33m=[39m process[33m.[39menv[33m.[39m[33mSTRIPE_SECRET_KEY[39m
 [90m  8 |[39m   [33m?[39m [36mnew[39m [33mStripe[39m(process[33m.[39menv[33m.[39m[33mSTRIPE_SECRET_KEY[39m[33m,[39m {
[31m[1m>[22m[39m[90m  9 |[39m       apiVersion[33m:[39m [32m'2024-12-18.acacia'[39m[33m,[39m
 [90m    |[39m       [31m[1m^[22m[39m
 [90m 10 |[39m       typescript[33m:[39m [36mtrue[39m[33m,[39m
 [90m 11 |[39m     })
 [90m 12 |[39m   [33m:[39m [36mnull[39m[0m
Next.js build worker exited with code: 1 and signal: null
