
> pocket-bass-clone@1.0.0 build
> next build

   ▲ Next.js 15.5.11
   - Experiments (use with caution):
     ⨯ reactCompiler

   Creating an optimized production build ...
 ⚠ Mismatching @next/swc version, detected: 15.5.7 while Next.js is on 15.5.11. Please ensure these match
 ⚠ Mismatching @next/swc version, detected: 15.5.7 while Next.js is on 15.5.11. Please ensure these match
 ⚠ Mismatching @next/swc version, detected: 15.5.7 while Next.js is on 15.5.11. Please ensure these match
 ✓ Compiled successfully in 17.2s
   Linting and checking validity of types ...

./src/app/(frontend)/page.tsx
48:19  Warning: Unexpected any. Specify a different type.  @typescript-eslint/no-explicit-any

./src/app/(frontend)/waitlist/success/page.tsx
9:44  Warning: Unexpected any. Specify a different type.  @typescript-eslint/no-explicit-any

./src/app/(payload)/admin/[[...segments]]/page.tsx
9:41  Warning: Unexpected any. Specify a different type.  @typescript-eslint/no-explicit-any

./src/app/(payload)/api/billing/checkout/route.ts
108:19  Warning: Unexpected any. Specify a different type.  @typescript-eslint/no-explicit-any

./src/app/(payload)/api/billing/lifetime-pricing/route.ts
9:27  Warning: 'request' is defined but never used.  @typescript-eslint/no-unused-vars
25:19  Warning: Unexpected any. Specify a different type.  @typescript-eslint/no-explicit-any

./src/app/(payload)/api/billing/portal/route.ts
75:19  Warning: Unexpected any. Specify a different type.  @typescript-eslint/no-explicit-any

./src/app/(payload)/api/billing/webhook/route.ts
45:17  Warning: Unexpected any. Specify a different type.  @typescript-eslint/no-explicit-any
199:19  Warning: Unexpected any. Specify a different type.  @typescript-eslint/no-explicit-any

./src/app/(payload)/api/health/route.ts
49:19  Warning: Unexpected any. Specify a different type.  @typescript-eslint/no-explicit-any

./src/app/(payload)/api/tenants/provision/route.ts
195:19  Warning: Unexpected any. Specify a different type.  @typescript-eslint/no-explicit-any

./src/app/(payload)/api/waitlist/join/route.ts
78:19  Warning: Unexpected any. Specify a different type.  @typescript-eslint/no-explicit-any

./src/app/(payload)/api/waitlist/position/route.ts
77:19  Warning: Unexpected any. Specify a different type.  @typescript-eslint/no-explicit-any

./src/app/(payload)/api/waitlist/stats/route.ts
10:27  Warning: 'request' is defined but never used.  @typescript-eslint/no-unused-vars
22:19  Warning: Unexpected any. Specify a different type.  @typescript-eslint/no-explicit-any

./src/collections/Media.ts
35:14  Warning: Unexpected any. Specify a different type.  @typescript-eslint/no-explicit-any
45:12  Warning: Unexpected any. Specify a different type.  @typescript-eslint/no-explicit-any
57:14  Warning: Unexpected any. Specify a different type.  @typescript-eslint/no-explicit-any
67:12  Warning: Unexpected any. Specify a different type.  @typescript-eslint/no-explicit-any
127:32  Warning: Unexpected any. Specify a different type.  @typescript-eslint/no-explicit-any
139:39  Warning: Unexpected any. Specify a different type.  @typescript-eslint/no-explicit-any
140:35  Warning: Unexpected any. Specify a different type.  @typescript-eslint/no-explicit-any

./src/collections/Posts.ts
168:32  Warning: Unexpected any. Specify a different type.  @typescript-eslint/no-explicit-any

./src/collections/Tenants.ts
399:32  Warning: 'req' is defined but never used.  @typescript-eslint/no-unused-vars

./src/middleware/tenantContext.ts
6:7  Warning: 'tenantCache' is assigned a value but never used.  @typescript-eslint/no-unused-vars
6:47  Warning: Unexpected any. Specify a different type.  @typescript-eslint/no-explicit-any
7:7  Warning: 'CACHE_TTL' is assigned a value but never used.  @typescript-eslint/no-unused-vars
10:7  Warning: 'rateLimitStore' is assigned a value but never used.  @typescript-eslint/no-unused-vars
12:44  Warning: 'req' is defined but never used.  @typescript-eslint/no-unused-vars
145:38  Warning: 'tenant' is defined but never used.  @typescript-eslint/no-unused-vars
145:46  Warning: Unexpected any. Specify a different type.  @typescript-eslint/no-explicit-any
180:16  Warning: 'updateTenantUsage' is defined but never used.  @typescript-eslint/no-unused-vars
180:34  Warning: 'tenantId' is defined but never used.  @typescript-eslint/no-unused-vars
180:52  Warning: 'count' is defined but never used.  @typescript-eslint/no-unused-vars
180:67  Warning: 'timestamp' is defined but never used.  @typescript-eslint/no-unused-vars

./src/payload.config.ts
50:29  Warning: Unexpected any. Specify a different type.  @typescript-eslint/no-explicit-any

./src/utils/security.ts
123:29  Warning: Unexpected any. Specify a different type.  @typescript-eslint/no-explicit-any

./src/utils/stripe.ts
96:45  Warning: 'billingCycle' is defined but never used.  @typescript-eslint/no-unused-vars

info  - Need to disable some ESLint rules? Learn more here: https://nextjs.org/docs/app/api-reference/config/eslint#disabling-rules
Failed to compile.

./src/collections/Posts.ts:11:5
Type error: Type '({ req: { user } }: AccessArgs<any>) => boolean | { tenant: { equals: any; }; } | { and: ({ tenant: { equals: any; }; } | { status: { equals: string; }; })[]; } | { and: (boolean | { tenant: { equals: any; }; } | { ...; })[]; }' is not assignable to type 'Access'.
  Type 'boolean | { tenant: { equals: any; }; } | { and: ({ tenant: { equals: any; }; } | { status: { equals: string; }; })[]; } | { and: (boolean | { tenant: { equals: any; }; } | { or: ({ status: { equals: string; }; author?: undefined; } | { ...; })[]; })[]; }' is not assignable to type 'AccessResult | Promise<AccessResult>'.
    Type '{ and: (boolean | { tenant: { equals: any; }; } | { or: ({ status: { equals: string; }; author?: undefined; } | { author: { equals: string | number; }; status?: undefined; })[]; })[]; }' is not assignable to type 'AccessResult | Promise<AccessResult>'.
      Type '{ and: (boolean | { tenant: { equals: any; }; } | { or: ({ status: { equals: string; }; author?: undefined; } | { author: { equals: string | number; }; status?: undefined; })[]; })[]; }' is not assignable to type 'Where'.
        Types of property 'and' are incompatible.
          Type '(boolean | { tenant: { equals: any; }; } | { or: ({ status: { equals: string; }; author?: undefined; } | { author: { equals: string | number; }; status?: undefined; })[]; })[]' is not assignable to type 'Where[]'.
            Type 'boolean | { tenant: { equals: any; }; } | { or: ({ status: { equals: string; }; author?: undefined; } | { author: { equals: string | number; }; status?: undefined; })[]; }' is not assignable to type 'Where'.
              Type 'boolean' is not assignable to type 'Where'.

[0m [90m  9 |[39m   }[33m,[39m
 [90m 10 |[39m   access[33m:[39m {
[31m[1m>[22m[39m[90m 11 |[39m     read[33m:[39m ({ req[33m:[39m { user } }) [33m=>[39m {
 [90m    |[39m     [31m[1m^[22m[39m
 [90m 12 |[39m       [90m// Super admins can read all posts[39m
 [90m 13 |[39m       [36mif[39m (user[33m?[39m[33m.[39mrole [33m===[39m [32m'super-admin'[39m) [36mreturn[39m [36mtrue[39m
 [90m 14 |[39m[0m
Next.js build worker exited with code: 1 and signal: null
