
> pocket-bass-clone@1.0.0 build
> next build

   ▲ Next.js 15.5.11
   - Experiments (use with caution):
     ⨯ reactCompiler

   Creating an optimized production build ...
 ⚠ Mismatching @next/swc version, detected: 15.5.7 while Next.js is on 15.5.11. Please ensure these match
 ⚠ Mismatching @next/swc version, detected: 15.5.7 while Next.js is on 15.5.11. Please ensure these match
 ⚠ Mismatching @next/swc version, detected: 15.5.7 while Next.js is on 15.5.11. Please ensure these match
 ✓ Compiled successfully in 14.2s
   Linting and checking validity of types ...

./src/app/(frontend)/page.tsx
48:19  Warning: Unexpected any. Specify a different type.  @typescript-eslint/no-explicit-any

./src/app/(frontend)/waitlist/success/page.tsx
9:44  Warning: Unexpected any. Specify a different type.  @typescript-eslint/no-explicit-any

./src/app/(payload)/admin/[[...segments]]/page.tsx
9:41  Warning: Unexpected any. Specify a different type.  @typescript-eslint/no-explicit-any

./src/app/(payload)/api/billing/checkout/route.ts
108:19  Warning: Unexpected any. Specify a different type.  @typescript-eslint/no-explicit-any

./src/app/(payload)/api/billing/lifetime-pricing/route.ts
9:27  Warning: 'request' is defined but never used.  @typescript-eslint/no-unused-vars
25:19  Warning: Unexpected any. Specify a different type.  @typescript-eslint/no-explicit-any

./src/app/(payload)/api/billing/portal/route.ts
75:19  Warning: Unexpected any. Specify a different type.  @typescript-eslint/no-explicit-any

./src/app/(payload)/api/billing/webhook/route.ts
45:17  Warning: Unexpected any. Specify a different type.  @typescript-eslint/no-explicit-any
199:19  Warning: Unexpected any. Specify a different type.  @typescript-eslint/no-explicit-any

./src/app/(payload)/api/health/route.ts
49:19  Warning: Unexpected any. Specify a different type.  @typescript-eslint/no-explicit-any

./src/app/(payload)/api/tenants/provision/route.ts
195:19  Warning: Unexpected any. Specify a different type.  @typescript-eslint/no-explicit-any

./src/app/(payload)/api/waitlist/join/route.ts
78:19  Warning: Unexpected any. Specify a different type.  @typescript-eslint/no-explicit-any

./src/app/(payload)/api/waitlist/position/route.ts
77:19  Warning: Unexpected any. Specify a different type.  @typescript-eslint/no-explicit-any

./src/app/(payload)/api/waitlist/stats/route.ts
10:27  Warning: 'request' is defined but never used.  @typescript-eslint/no-unused-vars
22:19  Warning: Unexpected any. Specify a different type.  @typescript-eslint/no-explicit-any

./src/collections/Media.ts
35:14  Warning: Unexpected any. Specify a different type.  @typescript-eslint/no-explicit-any
45:12  Warning: Unexpected any. Specify a different type.  @typescript-eslint/no-explicit-any
57:14  Warning: Unexpected any. Specify a different type.  @typescript-eslint/no-explicit-any
67:12  Warning: Unexpected any. Specify a different type.  @typescript-eslint/no-explicit-any
127:32  Warning: Unexpected any. Specify a different type.  @typescript-eslint/no-explicit-any
139:39  Warning: Unexpected any. Specify a different type.  @typescript-eslint/no-explicit-any
140:35  Warning: Unexpected any. Specify a different type.  @typescript-eslint/no-explicit-any

./src/collections/Posts.ts
34:14  Warning: Unexpected any. Specify a different type.  @typescript-eslint/no-explicit-any
61:12  Warning: Unexpected any. Specify a different type.  @typescript-eslint/no-explicit-any
90:12  Warning: Unexpected any. Specify a different type.  @typescript-eslint/no-explicit-any
118:12  Warning: Unexpected any. Specify a different type.  @typescript-eslint/no-explicit-any
168:32  Warning: Unexpected any. Specify a different type.  @typescript-eslint/no-explicit-any
225:39  Warning: Unexpected any. Specify a different type.  @typescript-eslint/no-explicit-any
226:35  Warning: Unexpected any. Specify a different type.  @typescript-eslint/no-explicit-any

./src/collections/Tenants.ts
402:32  Warning: 'req' is defined but never used.  @typescript-eslint/no-unused-vars

./src/collections/Users.ts
8:33  Warning: Unexpected any. Specify a different type.  @typescript-eslint/no-explicit-any
14:33  Warning: Unexpected any. Specify a different type.  @typescript-eslint/no-explicit-any
59:14  Warning: Unexpected any. Specify a different type.  @typescript-eslint/no-explicit-any
66:12  Warning: Unexpected any. Specify a different type.  @typescript-eslint/no-explicit-any
87:14  Warning: Unexpected any. Specify a different type.  @typescript-eslint/no-explicit-any
150:63  Warning: Unexpected any. Specify a different type.  @typescript-eslint/no-explicit-any
151:33  Warning: Unexpected any. Specify a different type.  @typescript-eslint/no-explicit-any

./src/middleware/tenantContext.ts
6:7  Warning: 'tenantCache' is assigned a value but never used.  @typescript-eslint/no-unused-vars
6:47  Warning: Unexpected any. Specify a different type.  @typescript-eslint/no-explicit-any
7:7  Warning: 'CACHE_TTL' is assigned a value but never used.  @typescript-eslint/no-unused-vars
10:7  Warning: 'rateLimitStore' is assigned a value but never used.  @typescript-eslint/no-unused-vars
12:44  Warning: 'req' is defined but never used.  @typescript-eslint/no-unused-vars
20:18  Warning: Unexpected any. Specify a different type.  @typescript-eslint/no-explicit-any
145:38  Warning: 'tenant' is defined but never used.  @typescript-eslint/no-unused-vars
145:46  Warning: Unexpected any. Specify a different type.  @typescript-eslint/no-explicit-any
180:16  Warning: 'updateTenantUsage' is defined but never used.  @typescript-eslint/no-unused-vars
180:34  Warning: 'tenantId' is defined but never used.  @typescript-eslint/no-unused-vars
180:52  Warning: 'count' is defined but never used.  @typescript-eslint/no-unused-vars
180:67  Warning: 'timestamp' is defined but never used.  @typescript-eslint/no-unused-vars

./src/utils/security.ts
123:29  Warning: Unexpected any. Specify a different type.  @typescript-eslint/no-explicit-any

./src/utils/stripe.ts
96:45  Warning: 'billingCycle' is defined but never used.  @typescript-eslint/no-unused-vars

info  - Need to disable some ESLint rules? Learn more here: https://nextjs.org/docs/app/api-reference/config/eslint#disabling-rules
   Collecting page data ...
 ⚠ Mismatching @next/swc version, detected: 15.5.7 while Next.js is on 15.5.11. Please ensure these match
[Stripe] STRIPE_SECRET_KEY not set. Billing features disabled.
[Stripe] STRIPE_SECRET_KEY not set. Billing features disabled.
[Stripe] STRIPE_SECRET_KEY not set. Billing features disabled.
[Stripe] STRIPE_SECRET_KEY not set. Billing features disabled.
   Generating static pages (0/16) ...
[Stripe] STRIPE_SECRET_KEY not set. Billing features disabled.
   Generating static pages (4/16) 
   Generating static pages (8/16) 
   Generating static pages (12/16) 
 ⨯ useSearchParams() should be wrapped in a suspense boundary at page "/". Read more: https://nextjs.org/docs/messages/missing-suspense-with-csr-bailout
    at g (/Users/goncalohenriques/Documents/github/Pocket-bass-/.next/server/chunks/8361.js:1:83118)
    at m (/Users/goncalohenriques/Documents/github/Pocket-bass-/.next/server/chunks/8361.js:9:13516)
    at k (/Users/goncalohenriques/Documents/github/Pocket-bass-/.next/server/app/(frontend)/page.js:1:1189)
    at n3 (/Users/goncalohenriques/Documents/github/Pocket-bass-/node_modules/next/dist/compiled/next-server/app-page.runtime.prod.js:2:82831)
    at n6 (/Users/goncalohenriques/Documents/github/Pocket-bass-/node_modules/next/dist/compiled/next-server/app-page.runtime.prod.js:2:84601)
    at n5 (/Users/goncalohenriques/Documents/github/Pocket-bass-/node_modules/next/dist/compiled/next-server/app-page.runtime.prod.js:2:104801)
    at n7 (/Users/goncalohenriques/Documents/github/Pocket-bass-/node_modules/next/dist/compiled/next-server/app-page.runtime.prod.js:2:102219)
    at n8 (/Users/goncalohenriques/Documents/github/Pocket-bass-/node_modules/next/dist/compiled/next-server/app-page.runtime.prod.js:2:83183)
    at n6 (/Users/goncalohenriques/Documents/github/Pocket-bass-/node_modules/next/dist/compiled/next-server/app-page.runtime.prod.js:2:84647)
    at n6 (/Users/goncalohenriques/Documents/github/Pocket-bass-/node_modules/next/dist/compiled/next-server/app-page.runtime.prod.js:2:101560)
Error occurred prerendering page "/". Read more: https://nextjs.org/docs/messages/prerender-error
Export encountered an error on /(frontend)/page: /, exiting the build.
 ⨯ Next.js build worker exited with code: 1 and signal: null
